Thu Jan  9 03:19:02 PM CET 2025: Toggling Hypridle...
Thu Jan  9 03:19:02 PM CET 2025: Hypridle is not running. Starting...
Thu Jan  9 03:19:02 PM CET 2025: Toggling Hypridle...
Thu Jan  9 03:19:02 PM CET 2025: Hypridle is running. Attempting to kill...
Thu Jan  9 03:19:02 PM CET 2025: Hypridle started successfully.
Thu Jan  9 03:19:02 PM CET 2025: Toggle script completed.
Thu Jan  9 03:19:02 PM CET 2025: Hypridle killed successfully.
Thu Jan  9 03:19:02 PM CET 2025: Toggle script completed.
Thu Jan  9 03:19:05 PM CET 2025: Toggling Hypridle...
Thu Jan  9 03:19:05 PM CET 2025: Hypridle is not running. Starting...
Thu Jan  9 03:19:05 PM CET 2025: Hypridle started successfully.
Thu Jan  9 03:19:05 PM CET 2025: Toggle script completed.
Thu Jan  9 03:20:59 PM CET 2025: Toggling Hypridle...
Thu Jan  9 03:20:59 PM CET 2025: Hypridle is running. Attempting to kill...
Thu Jan  9 03:20:59 PM CET 2025: Hypridle killed successfully.
Thu Jan  9 03:20:59 PM CET 2025: Toggle script completed.
Thu Jan  9 03:21:02 PM CET 2025: Toggling Hypridle...
Thu Jan  9 03:21:02 PM CET 2025: Hypridle is not running. Starting...
Thu Jan  9 03:21:03 PM CET 2025: Hypridle started successfully.
Thu Jan  9 03:21:03 PM CET 2025: Toggle script completed.
Thu Jan  9 03:21:12 PM CET 2025: Toggling Hypridle...
Thu Jan  9 03:21:12 PM CET 2025: Hypridle is running. Attempting to kill...
Thu Jan  9 03:21:12 PM CET 2025: Hypridle killed successfully.
Thu Jan  9 03:21:12 PM CET 2025: Toggle script completed.
Thu Jan  9 03:21:40 PM CET 2025: Toggling Hypridle...
Thu Jan  9 03:21:40 PM CET 2025: Hypridle is not running. Starting...
Thu Jan  9 03:21:40 PM CET 2025: Hypridle started successfully.
Thu Jan  9 03:21:40 PM CET 2025: Toggle script completed.
Thu Jan  9 03:26:32 PM CET 2025: Toggling Hypridle...
Thu Jan  9 03:26:32 PM CET 2025: Hypridle is running. Attempting to kill...
Thu Jan  9 03:26:32 PM CET 2025: Hypridle killed successfully.
Thu Jan  9 03:26:32 PM CET 2025: Toggle script completed.
Thu Jan  9 03:26:40 PM CET 2025: Toggling Hypridle...
Thu Jan  9 03:26:40 PM CET 2025: Hypridle is not running. Starting...
Thu Jan  9 03:26:41 PM CET 2025: Hypridle started successfully.
Thu Jan  9 03:26:41 PM CET 2025: Toggle script completed.
Thu Jan  9 03:27:19 PM CET 2025: Toggling Hypridle...
Thu Jan  9 03:27:19 PM CET 2025: Hypridle is running. Attempting to kill...
Thu Jan  9 03:27:19 PM CET 2025: Hypridle killed successfully.
Thu Jan  9 03:27:19 PM CET 2025: Toggle script completed.
Fri Jan 10 11:27:17 AM CET 2025: Toggling Hypridle...
Fri Jan 10 11:27:17 AM CET 2025: Hypridle is not running. Starting...
Fri Jan 10 11:27:18 AM CET 2025: Hypridle started successfully.
Fri Jan 10 11:27:18 AM CET 2025: Toggle script completed.
Fri Jan 10 12:37:15 PM CET 2025: Toggling Hypridle...
Fri Jan 10 12:37:15 PM CET 2025: Hypridle is running. Attempting to kill...
Fri Jan 10 12:37:15 PM CET 2025: Hypridle killed successfully.
Fri Jan 10 12:37:15 PM CET 2025: Toggle script completed.
Sat Jan 11 11:45:26 PM CET 2025: Toggling Hypridle...
Sat Jan 11 11:45:26 PM CET 2025: Hypridle is not running. Starting...
Sat Jan 11 11:45:26 PM CET 2025: Hypridle started successfully.
Sat Jan 11 11:45:26 PM CET 2025: Toggle script completed.
Sun Jan 12 04:46:20 PM CET 2025: Toggling Hypridle...
Sun Jan 12 04:46:20 PM CET 2025: Hypridle is running. Attempting to kill...
Sun Jan 12 04:46:20 PM CET 2025: Hypridle killed successfully.
Sun Jan 12 04:46:20 PM CET 2025: Toggle script completed.
Sun Jan 12 05:02:53 PM CET 2025: Toggling Hypridle...
Sun Jan 12 05:02:53 PM CET 2025: Hypridle is running. Attempting to kill...
Sun Jan 12 05:02:53 PM CET 2025: Hypridle killed successfully.
Sun Jan 12 05:02:53 PM CET 2025: Toggle script completed.
Mon Jan 13 11:17:39 AM CET 2025: Toggling Hypridle...
Mon Jan 13 11:17:39 AM CET 2025: Hypridle is not running. Starting...
Mon Jan 13 11:17:40 AM CET 2025: Hypridle started successfully.
Mon Jan 13 11:17:40 AM CET 2025: Toggle script completed.
Mon Jan 13 03:07:26 PM CET 2025: Toggling Hypridle...
Mon Jan 13 03:07:27 PM CET 2025: Hypridle is running. Attempting to kill...
Mon Jan 13 03:07:27 PM CET 2025: Hypridle killed successfully.
Mon Jan 13 03:07:27 PM CET 2025: Toggle script completed.
Mon Jan 13 09:10:25 PM CET 2025: Toggling Hypridle...
Mon Jan 13 09:10:26 PM CET 2025: Hypridle is not running. Starting...
Mon Jan 13 09:10:26 PM CET 2025: Hypridle started successfully.
Mon Jan 13 09:10:26 PM CET 2025: Toggle script completed.
Mon Jan 13 09:15:46 PM CET 2025: Toggling Hypridle...
Mon Jan 13 09:15:46 PM CET 2025: Hypridle is running. Attempting to kill...
Mon Jan 13 09:15:46 PM CET 2025: Hypridle killed successfully.
Mon Jan 13 09:15:46 PM CET 2025: Toggle script completed.
Mon Jan 13 11:50:47 PM CET 2025: Toggling Hypridle...
Mon Jan 13 11:50:47 PM CET 2025: Hypridle is not running. Starting...
Mon Jan 13 11:50:48 PM CET 2025: Hypridle started successfully.
Mon Jan 13 11:50:48 PM CET 2025: Toggle script completed.
Tue Jan 14 05:52:10 PM CET 2025: Toggling Hypridle...
Tue Jan 14 05:52:10 PM CET 2025: Hypridle is running. Attempting to kill...
Tue Jan 14 05:52:10 PM CET 2025: Hypridle killed successfully.
Tue Jan 14 05:52:10 PM CET 2025: Toggle script completed.
Tue Jan 14 07:37:42 PM CET 2025: Toggling Hypridle...
Tue Jan 14 07:37:42 PM CET 2025: Hypridle is not running. Starting...
Tue Jan 14 07:37:43 PM CET 2025: Hypridle started successfully.
Tue Jan 14 07:37:43 PM CET 2025: Toggle script completed.
Tue Jan 14 07:42:54 PM CET 2025: Toggling Hypridle...
Tue Jan 14 07:42:54 PM CET 2025: Hypridle is running. Attempting to kill...
Tue Jan 14 07:42:54 PM CET 2025: Hypridle killed successfully.
Tue Jan 14 07:42:54 PM CET 2025: Toggle script completed.
Tue Jan 14 08:38:15 PM CET 2025: Toggling Hypridle...
Tue Jan 14 08:38:15 PM CET 2025: Hypridle is not running. Starting...
Tue Jan 14 08:38:15 PM CET 2025: Hypridle started successfully.
Tue Jan 14 08:38:15 PM CET 2025: Toggle script completed.
Tue Jan 14 08:38:20 PM CET 2025: Toggling Hypridle...
Tue Jan 14 08:38:20 PM CET 2025: Hypridle is running. Attempting to kill...
Tue Jan 14 08:38:20 PM CET 2025: Hypridle killed successfully.
Tue Jan 14 08:38:20 PM CET 2025: Toggle script completed.
